2022-05-09 16:18:56,350 django.utils.autoreload 677 INFO     Watching for file changes with StatReloader
2022-05-09 16:20:18,988 django_python3_ldap.ldap 193 INFO     LDAP connect succeeded
2022-05-09 16:20:18,988 django_python3_ldap.ldap 193 INFO     LDAP connect succeeded
2022-05-09 16:20:18,995 django_python3_ldap.ldap 88 INFO     LDAP user lookup succeeded
2022-05-09 16:20:18,995 django_python3_ldap.ldap 88 INFO     LDAP user lookup succeeded
2022-05-09 16:20:30,047 interview.admin 41 INFO     %s exported %s records
2022-05-09 16:20:54,035 django.utils.autoreload 266 INFO     /Users/jeffreyzhang/Workspace/training/training_program_2022/recruitment/interview/admin.py changed, reloading.
2022-05-09 16:20:54,708 django.utils.autoreload 677 INFO     Watching for file changes with StatReloader
2022-05-09 16:20:55,882 django.utils.autoreload 266 INFO     /Users/jeffreyzhang/Workspace/training/training_program_2022/recruitment/interview/admin.py changed, reloading.
2022-05-09 16:20:56,313 django.utils.autoreload 677 INFO     Watching for file changes with StatReloader
2022-05-09 16:21:01,518 django.utils.autoreload 266 INFO     /Users/jeffreyzhang/Workspace/training/training_program_2022/recruitment/interview/admin.py changed, reloading.
2022-05-09 16:21:01,980 django.utils.autoreload 677 INFO     Watching for file changes with StatReloader
2022-05-09 16:21:16,288 django.utils.autoreload 266 INFO     /Users/jeffreyzhang/Workspace/training/training_program_2022/recruitment/interview/admin.py changed, reloading.
2022-05-09 16:21:16,747 django.utils.autoreload 677 INFO     Watching for file changes with StatReloader
2022-05-09 16:21:21,974 django.utils.autoreload 266 INFO     /Users/jeffreyzhang/Workspace/training/training_program_2022/recruitment/interview/admin.py changed, reloading.
2022-05-09 16:21:22,454 django.utils.autoreload 677 INFO     Watching for file changes with StatReloader
2022-05-09 16:21:28,866 interview.admin 41 INFO     jeffrey_zhang exported 3 records
2022-05-09 16:22:17,414 django.utils.autoreload 266 INFO     /Users/jeffreyzhang/Workspace/training/training_program_2022/recruitment/interview/admin.py changed, reloading.
2022-05-09 16:22:18,166 django.utils.autoreload 677 INFO     Watching for file changes with StatReloader
2022-05-09 16:22:19,362 django.utils.autoreload 266 INFO     /Users/jeffreyzhang/Workspace/training/training_program_2022/recruitment/interview/admin.py changed, reloading.
2022-05-09 16:22:19,827 django.utils.autoreload 677 INFO     Watching for file changes with StatReloader
2022-05-09 16:22:23,042 django.utils.autoreload 266 INFO     /Users/jeffreyzhang/Workspace/training/training_program_2022/recruitment/interview/admin.py changed, reloading.
2022-05-09 16:22:23,547 django.utils.autoreload 677 INFO     Watching for file changes with StatReloader
2022-05-09 16:22:28,777 django.utils.autoreload 266 INFO     /Users/jeffreyzhang/Workspace/training/training_program_2022/recruitment/interview/admin.py changed, reloading.
2022-05-09 16:22:29,280 django.utils.autoreload 677 INFO     Watching for file changes with StatReloader
2022-05-09 16:22:39,305 interview.admin 41 INFO     jeffrey_zhang exported 4 records
2022-05-09 16:23:10,031 django.utils.autoreload 266 INFO     /Users/jeffreyzhang/Workspace/training/training_program_2022/recruitment/interview/admin.py changed, reloading.
2022-05-09 16:23:10,677 django.utils.autoreload 677 INFO     Watching for file changes with StatReloader
2022-05-09 16:23:13,991 django.utils.autoreload 266 INFO     /Users/jeffreyzhang/Workspace/training/training_program_2022/recruitment/settings/base.py changed, reloading.
2022-05-09 16:23:14,523 django.utils.autoreload 677 INFO     Watching for file changes with StatReloader
2022-05-09 16:24:33,914 django.utils.autoreload 677 INFO     Watching for file changes with StatReloader
2022-05-09 16:32:24,750 django.utils.autoreload 266 INFO     /Users/jeffreyzhang/Workspace/training/training_program_2022/recruitment/settings/base.py changed, reloading.
2022-05-09 16:36:08,134 django.utils.autoreload 677 INFO     Watching for file changes with StatReloader
2022-05-09 16:43:33,834 django.utils.autoreload 677 INFO     Watching for file changes with StatReloader
2022-05-09 16:45:00,015 django.utils.autoreload 266 INFO     /Users/jeffreyzhang/Workspace/training/training_program_2022/recruitment/interview/models.py changed, reloading.
2022-05-09 16:45:00,760 django.utils.autoreload 677 INFO     Watching for file changes with StatReloader
2022-05-09 16:45:22,164 django.utils.autoreload 266 INFO     /Users/jeffreyzhang/Workspace/training/training_program_2022/recruitment/interview/models.py changed, reloading.
2022-05-09 16:45:22,944 django.utils.autoreload 677 INFO     Watching for file changes with StatReloader
2022-05-09 16:45:27,210 django.utils.autoreload 266 INFO     /Users/jeffreyzhang/Workspace/training/training_program_2022/recruitment/interview/models.py changed, reloading.
2022-05-09 16:45:27,739 django.utils.autoreload 677 INFO     Watching for file changes with StatReloader
2022-05-09 16:45:28,962 django.utils.autoreload 266 INFO     /Users/jeffreyzhang/Workspace/training/training_program_2022/recruitment/interview/models.py changed, reloading.
2022-05-09 16:45:29,504 django.utils.autoreload 677 INFO     Watching for file changes with StatReloader
2022-05-12 13:11:51,663 django.utils.autoreload 677 INFO     Watching for file changes with StatReloader
2022-05-12 13:13:09,536 django.utils.autoreload 266 INFO     /Users/jeffreyzhang/Workspace/training/training_program_2022/recruitment/interview/admin.py changed, reloading.
2022-05-12 13:13:09,964 django.utils.autoreload 677 INFO     Watching for file changes with StatReloader
2022-05-12 13:13:17,162 django.utils.autoreload 266 INFO     /Users/jeffreyzhang/Workspace/training/training_program_2022/recruitment/interview/admin.py changed, reloading.
2022-05-12 13:13:17,575 django.utils.autoreload 677 INFO     Watching for file changes with StatReloader
2022-05-12 13:13:49,999 django.utils.autoreload 266 INFO     /Users/jeffreyzhang/Workspace/training/training_program_2022/recruitment/interview/admin.py changed, reloading.
2022-05-12 13:13:50,463 django.utils.autoreload 677 INFO     Watching for file changes with StatReloader
2022-05-12 13:13:51,614 django.utils.autoreload 266 INFO     /Users/jeffreyzhang/Workspace/training/training_program_2022/recruitment/interview/admin.py changed, reloading.
2022-05-12 13:13:52,046 django.utils.autoreload 677 INFO     Watching for file changes with StatReloader
2022-05-12 13:13:55,195 django.utils.autoreload 266 INFO     /Users/jeffreyzhang/Workspace/training/training_program_2022/recruitment/interview/admin.py changed, reloading.
2022-05-12 13:13:55,692 django.utils.autoreload 677 INFO     Watching for file changes with StatReloader
2022-05-12 13:14:14,007 django.utils.autoreload 266 INFO     /Users/jeffreyzhang/Workspace/training/training_program_2022/recruitment/interview/admin.py changed, reloading.
2022-05-12 13:14:14,457 django.utils.autoreload 677 INFO     Watching for file changes with StatReloader
2022-05-12 13:14:18,631 django.utils.autoreload 266 INFO     /Users/jeffreyzhang/Workspace/training/training_program_2022/recruitment/interview/admin.py changed, reloading.
2022-05-12 13:14:19,095 django.utils.autoreload 677 INFO     Watching for file changes with StatReloader
2022-05-12 13:14:36,388 django.utils.autoreload 266 INFO     /Users/jeffreyzhang/Workspace/training/training_program_2022/recruitment/interview/admin.py changed, reloading.
2022-05-12 13:14:36,821 django.utils.autoreload 677 INFO     Watching for file changes with StatReloader
2022-05-12 13:14:45,023 django.utils.autoreload 266 INFO     /Users/jeffreyzhang/Workspace/training/training_program_2022/recruitment/interview/admin.py changed, reloading.
2022-05-12 13:14:45,432 django.utils.autoreload 677 INFO     Watching for file changes with StatReloader
2022-05-12 13:15:20,963 django.request 241 WARNING  Not Found: /
2022-05-12 13:15:54,880 django_python3_ldap.ldap 196 WARNING  LDAP bind failed: LDAPInvalidCredentialsResult - 49 - invalidCredentials - None - None - bindResponse - None
2022-05-12 13:15:54,880 django_python3_ldap.ldap 196 WARNING  LDAP bind failed: LDAPInvalidCredentialsResult - 49 - invalidCredentials - None - None - bindResponse - None
2022-05-12 13:17:32,420 django.utils.autoreload 266 INFO     /Users/jeffreyzhang/Workspace/training/training_program_2022/recruitment/interview/admin.py changed, reloading.
2022-05-12 13:17:32,866 django.utils.autoreload 677 INFO     Watching for file changes with StatReloader
2022-05-12 13:17:36,050 django.utils.autoreload 266 INFO     /Users/jeffreyzhang/Workspace/training/training_program_2022/recruitment/interview/admin.py changed, reloading.
2022-05-12 13:17:36,455 django.utils.autoreload 677 INFO     Watching for file changes with StatReloader
2022-05-12 13:17:38,634 django.utils.autoreload 266 INFO     /Users/jeffreyzhang/Workspace/training/training_program_2022/recruitment/interview/admin.py changed, reloading.
2022-05-12 13:17:39,058 django.utils.autoreload 677 INFO     Watching for file changes with StatReloader
2022-05-12 13:17:42,249 django.utils.autoreload 266 INFO     /Users/jeffreyzhang/Workspace/training/training_program_2022/recruitment/interview/admin.py changed, reloading.
2022-05-12 13:17:42,737 django.utils.autoreload 677 INFO     Watching for file changes with StatReloader
2022-05-12 13:17:52,024 django.utils.autoreload 266 INFO     /Users/jeffreyzhang/Workspace/training/training_program_2022/recruitment/interview/admin.py changed, reloading.
2022-05-12 13:17:52,454 django.utils.autoreload 677 INFO     Watching for file changes with StatReloader
2022-05-12 13:17:56,649 django.utils.autoreload 266 INFO     /Users/jeffreyzhang/Workspace/training/training_program_2022/recruitment/interview/admin.py changed, reloading.
2022-05-12 13:17:57,069 django.utils.autoreload 677 INFO     Watching for file changes with StatReloader
2022-05-12 13:17:59,250 django.utils.autoreload 266 INFO     /Users/jeffreyzhang/Workspace/training/training_program_2022/recruitment/interview/admin.py changed, reloading.
2022-05-12 13:17:59,675 django.utils.autoreload 677 INFO     Watching for file changes with StatReloader
2022-05-12 13:18:00,859 django.utils.autoreload 266 INFO     /Users/jeffreyzhang/Workspace/training/training_program_2022/recruitment/interview/admin.py changed, reloading.
2022-05-12 13:18:01,279 django.utils.autoreload 677 INFO     Watching for file changes with StatReloader
2022-05-12 13:18:06,490 django.utils.autoreload 266 INFO     /Users/jeffreyzhang/Workspace/training/training_program_2022/recruitment/interview/admin.py changed, reloading.
2022-05-12 13:18:06,905 django.utils.autoreload 677 INFO     Watching for file changes with StatReloader
2022-05-12 13:18:08,077 django.utils.autoreload 266 INFO     /Users/jeffreyzhang/Workspace/training/training_program_2022/recruitment/interview/admin.py changed, reloading.
2022-05-12 13:18:08,575 django.utils.autoreload 677 INFO     Watching for file changes with StatReloader
2022-05-12 13:18:09,749 django.utils.autoreload 266 INFO     /Users/jeffreyzhang/Workspace/training/training_program_2022/recruitment/interview/admin.py changed, reloading.
2022-05-12 13:18:10,151 django.utils.autoreload 677 INFO     Watching for file changes with StatReloader
2022-05-12 13:18:12,335 django.utils.autoreload 266 INFO     /Users/jeffreyzhang/Workspace/training/training_program_2022/recruitment/interview/admin.py changed, reloading.
2022-05-12 13:18:12,745 django.utils.autoreload 677 INFO     Watching for file changes with StatReloader
2022-05-12 13:18:18,961 django.utils.autoreload 266 INFO     /Users/jeffreyzhang/Workspace/training/training_program_2022/recruitment/interview/admin.py changed, reloading.
2022-05-12 13:18:19,463 django.utils.autoreload 677 INFO     Watching for file changes with StatReloader
2022-05-12 13:19:12,218 django.utils.autoreload 266 INFO     /Users/jeffreyzhang/Workspace/training/training_program_2022/recruitment/interview/admin.py changed, reloading.
2022-05-12 13:19:12,733 django.utils.autoreload 677 INFO     Watching for file changes with StatReloader
2022-05-12 13:19:13,923 django.utils.autoreload 266 INFO     /Users/jeffreyzhang/Workspace/training/training_program_2022/recruitment/interview/admin.py changed, reloading.
2022-05-12 13:19:14,343 django.utils.autoreload 677 INFO     Watching for file changes with StatReloader
2022-05-12 13:19:17,549 django.utils.autoreload 266 INFO     /Users/jeffreyzhang/Workspace/training/training_program_2022/recruitment/interview/admin.py changed, reloading.
2022-05-12 13:19:18,028 django.utils.autoreload 677 INFO     Watching for file changes with StatReloader
2022-05-12 13:19:21,232 django.utils.autoreload 266 INFO     /Users/jeffreyzhang/Workspace/training/training_program_2022/recruitment/interview/admin.py changed, reloading.
2022-05-12 13:19:21,671 django.utils.autoreload 677 INFO     Watching for file changes with StatReloader
2022-05-12 13:19:35,944 django.utils.autoreload 266 INFO     /Users/jeffreyzhang/Workspace/training/training_program_2022/recruitment/interview/admin.py changed, reloading.
2022-05-12 13:19:36,368 django.utils.autoreload 677 INFO     Watching for file changes with StatReloader
2022-05-12 13:19:40,570 django.utils.autoreload 266 INFO     /Users/jeffreyzhang/Workspace/training/training_program_2022/recruitment/interview/admin.py changed, reloading.
2022-05-12 13:19:41,116 django.utils.autoreload 677 INFO     Watching for file changes with StatReloader
2022-05-12 13:19:44,309 django.utils.autoreload 266 INFO     /Users/jeffreyzhang/Workspace/training/training_program_2022/recruitment/interview/admin.py changed, reloading.
2022-05-12 13:19:44,726 django.utils.autoreload 677 INFO     Watching for file changes with StatReloader
2022-05-12 13:19:54,985 django.utils.autoreload 266 INFO     /Users/jeffreyzhang/Workspace/training/training_program_2022/recruitment/interview/admin.py changed, reloading.
2022-05-12 13:19:55,472 django.utils.autoreload 677 INFO     Watching for file changes with StatReloader
2022-05-12 13:19:58,667 django.utils.autoreload 266 INFO     /Users/jeffreyzhang/Workspace/training/training_program_2022/recruitment/interview/admin.py changed, reloading.
2022-05-12 13:19:59,078 django.utils.autoreload 677 INFO     Watching for file changes with StatReloader
2022-05-12 13:20:01,251 django.utils.autoreload 266 INFO     /Users/jeffreyzhang/Workspace/training/training_program_2022/recruitment/interview/admin.py changed, reloading.
2022-05-12 13:20:01,704 django.utils.autoreload 677 INFO     Watching for file changes with StatReloader
2022-05-12 13:20:02,870 django.utils.autoreload 266 INFO     /Users/jeffreyzhang/Workspace/training/training_program_2022/recruitment/interview/admin.py changed, reloading.
2022-05-12 13:20:03,276 django.utils.autoreload 677 INFO     Watching for file changes with StatReloader
2022-05-12 13:20:09,502 django.utils.autoreload 266 INFO     /Users/jeffreyzhang/Workspace/training/training_program_2022/recruitment/interview/admin.py changed, reloading.
2022-05-12 13:20:09,963 django.utils.autoreload 677 INFO     Watching for file changes with StatReloader
2022-05-12 13:20:14,159 django.utils.autoreload 266 INFO     /Users/jeffreyzhang/Workspace/training/training_program_2022/recruitment/interview/admin.py changed, reloading.
2022-05-12 13:20:14,562 django.utils.autoreload 677 INFO     Watching for file changes with StatReloader
2022-05-12 13:20:17,748 django.utils.autoreload 266 INFO     /Users/jeffreyzhang/Workspace/training/training_program_2022/recruitment/interview/admin.py changed, reloading.
2022-05-12 13:20:18,145 django.utils.autoreload 677 INFO     Watching for file changes with StatReloader
2022-05-12 13:20:21,326 django.utils.autoreload 266 INFO     /Users/jeffreyzhang/Workspace/training/training_program_2022/recruitment/interview/admin.py changed, reloading.
2022-05-12 13:20:21,727 django.utils.autoreload 677 INFO     Watching for file changes with StatReloader
2022-05-12 13:20:31,967 django.utils.autoreload 266 INFO     /Users/jeffreyzhang/Workspace/training/training_program_2022/recruitment/interview/admin.py changed, reloading.
2022-05-12 13:20:32,446 django.utils.autoreload 677 INFO     Watching for file changes with StatReloader
2022-05-12 13:20:34,636 django.utils.autoreload 266 INFO     /Users/jeffreyzhang/Workspace/training/training_program_2022/recruitment/interview/admin.py changed, reloading.
2022-05-12 13:20:35,075 django.utils.autoreload 677 INFO     Watching for file changes with StatReloader
2022-05-12 13:20:37,251 django.utils.autoreload 266 INFO     /Users/jeffreyzhang/Workspace/training/training_program_2022/recruitment/interview/admin.py changed, reloading.
2022-05-12 13:20:37,694 django.utils.autoreload 677 INFO     Watching for file changes with StatReloader
2022-05-12 13:20:38,881 django.utils.autoreload 266 INFO     /Users/jeffreyzhang/Workspace/training/training_program_2022/recruitment/interview/admin.py changed, reloading.
2022-05-12 13:20:39,405 django.utils.autoreload 677 INFO     Watching for file changes with StatReloader
2022-05-12 13:20:40,567 django.utils.autoreload 266 INFO     /Users/jeffreyzhang/Workspace/training/training_program_2022/recruitment/interview/admin.py changed, reloading.
2022-05-12 13:20:41,033 django.utils.autoreload 677 INFO     Watching for file changes with StatReloader
2022-05-12 13:20:43,249 django.utils.autoreload 266 INFO     /Users/jeffreyzhang/Workspace/training/training_program_2022/recruitment/interview/admin.py changed, reloading.
2022-05-12 13:20:43,734 django.utils.autoreload 677 INFO     Watching for file changes with StatReloader
2022-05-12 13:20:47,997 django.utils.autoreload 266 INFO     /Users/jeffreyzhang/Workspace/training/training_program_2022/recruitment/interview/admin.py changed, reloading.
2022-05-12 13:20:48,453 django.utils.autoreload 677 INFO     Watching for file changes with StatReloader
2022-05-12 13:20:49,643 django.utils.autoreload 266 INFO     /Users/jeffreyzhang/Workspace/training/training_program_2022/recruitment/interview/admin.py changed, reloading.
2022-05-12 13:20:50,141 django.utils.autoreload 677 INFO     Watching for file changes with StatReloader
2022-05-12 13:20:52,327 django.utils.autoreload 266 INFO     /Users/jeffreyzhang/Workspace/training/training_program_2022/recruitment/interview/admin.py changed, reloading.
2022-05-12 13:20:52,756 django.utils.autoreload 677 INFO     Watching for file changes with StatReloader
2022-05-12 13:20:57,979 django.utils.autoreload 266 INFO     /Users/jeffreyzhang/Workspace/training/training_program_2022/recruitment/interview/admin.py changed, reloading.
2022-05-12 13:20:58,460 django.utils.autoreload 677 INFO     Watching for file changes with StatReloader
2022-05-12 13:20:59,640 django.utils.autoreload 266 INFO     /Users/jeffreyzhang/Workspace/training/training_program_2022/recruitment/interview/admin.py changed, reloading.
2022-05-12 13:21:00,113 django.utils.autoreload 677 INFO     Watching for file changes with StatReloader
2022-05-12 13:21:01,294 django.utils.autoreload 266 INFO     /Users/jeffreyzhang/Workspace/training/training_program_2022/recruitment/interview/admin.py changed, reloading.
2022-05-12 13:21:01,706 django.utils.autoreload 677 INFO     Watching for file changes with StatReloader
2022-05-12 13:21:05,903 django.utils.autoreload 266 INFO     /Users/jeffreyzhang/Workspace/training/training_program_2022/recruitment/interview/admin.py changed, reloading.
2022-05-12 13:21:06,328 django.utils.autoreload 677 INFO     Watching for file changes with StatReloader
2022-05-12 13:21:10,516 django.utils.autoreload 266 INFO     /Users/jeffreyzhang/Workspace/training/training_program_2022/recruitment/interview/admin.py changed, reloading.
2022-05-12 13:21:11,018 django.utils.autoreload 677 INFO     Watching for file changes with StatReloader
2022-05-12 13:21:12,197 django.utils.autoreload 266 INFO     /Users/jeffreyzhang/Workspace/training/training_program_2022/recruitment/interview/admin.py changed, reloading.
2022-05-12 13:21:12,638 django.utils.autoreload 677 INFO     Watching for file changes with StatReloader
2022-05-12 13:21:18,852 django.utils.autoreload 266 INFO     /Users/jeffreyzhang/Workspace/training/training_program_2022/recruitment/interview/admin.py changed, reloading.
2022-05-12 13:21:19,285 django.utils.autoreload 677 INFO     Watching for file changes with StatReloader
2022-05-12 13:21:22,470 django.utils.autoreload 266 INFO     /Users/jeffreyzhang/Workspace/training/training_program_2022/recruitment/interview/admin.py changed, reloading.
2022-05-12 13:21:22,879 django.utils.autoreload 677 INFO     Watching for file changes with StatReloader
2022-05-12 13:21:25,053 django.utils.autoreload 266 INFO     /Users/jeffreyzhang/Workspace/training/training_program_2022/recruitment/interview/admin.py changed, reloading.
2022-05-12 13:21:25,467 django.utils.autoreload 677 INFO     Watching for file changes with StatReloader
2022-05-12 13:21:26,644 django.utils.autoreload 266 INFO     /Users/jeffreyzhang/Workspace/training/training_program_2022/recruitment/interview/admin.py changed, reloading.
2022-05-12 13:21:27,068 django.utils.autoreload 677 INFO     Watching for file changes with StatReloader
2022-05-12 13:21:31,277 django.utils.autoreload 266 INFO     /Users/jeffreyzhang/Workspace/training/training_program_2022/recruitment/interview/admin.py changed, reloading.
2022-05-12 13:21:31,727 django.utils.autoreload 677 INFO     Watching for file changes with StatReloader
2022-05-12 13:21:37,949 django.utils.autoreload 266 INFO     /Users/jeffreyzhang/Workspace/training/training_program_2022/recruitment/interview/admin.py changed, reloading.
2022-05-12 13:21:38,436 django.utils.autoreload 677 INFO     Watching for file changes with StatReloader
2022-05-12 13:21:39,612 django.utils.autoreload 266 INFO     /Users/jeffreyzhang/Workspace/training/training_program_2022/recruitment/interview/admin.py changed, reloading.
2022-05-12 13:21:40,093 django.utils.autoreload 677 INFO     Watching for file changes with StatReloader
2022-05-12 13:21:41,268 django.utils.autoreload 266 INFO     /Users/jeffreyzhang/Workspace/training/training_program_2022/recruitment/interview/admin.py changed, reloading.
2022-05-12 13:21:41,688 django.utils.autoreload 677 INFO     Watching for file changes with StatReloader
2022-05-12 13:21:47,886 django.utils.autoreload 266 INFO     /Users/jeffreyzhang/Workspace/training/training_program_2022/recruitment/interview/admin.py changed, reloading.
2022-05-12 13:21:48,346 django.utils.autoreload 677 INFO     Watching for file changes with StatReloader
2022-05-12 13:21:50,673 django.request 241 ERROR    Internal Server Error: /admin/interview/candidate/2/change/
Traceback (most recent call last):
  File "/usr/local/lib/python3.9/site-packages/django/core/handlers/exception.py", line 55, in inner
    response = get_response(request)
  File "/usr/local/lib/python3.9/site-packages/django/core/handlers/base.py", line 197, in _get_response
    response = wrapped_callback(request, *callback_args, **callback_kwargs)
  File "/usr/local/lib/python3.9/site-packages/django/contrib/admin/options.py", line 683, in wrapper
    return self.admin_site.admin_view(view)(*args, **kwargs)
  File "/usr/local/lib/python3.9/site-packages/django/utils/decorators.py", line 133, in _wrapped_view
    response = view_func(request, *args, **kwargs)
  File "/usr/local/lib/python3.9/site-packages/django/views/decorators/cache.py", line 62, in _wrapped_view_func
    response = view_func(request, *args, **kwargs)
  File "/usr/local/lib/python3.9/site-packages/django/contrib/admin/sites.py", line 242, in inner
    return view(request, *args, **kwargs)
  File "/usr/local/lib/python3.9/site-packages/django/contrib/admin/options.py", line 1888, in change_view
    return self.changeform_view(request, object_id, form_url, extra_context)
  File "/usr/local/lib/python3.9/site-packages/django/utils/decorators.py", line 46, in _wrapper
    return bound_method(*args, **kwargs)
  File "/usr/local/lib/python3.9/site-packages/django/utils/decorators.py", line 133, in _wrapped_view
    response = view_func(request, *args, **kwargs)
  File "/usr/local/lib/python3.9/site-packages/django/contrib/admin/options.py", line 1745, in changeform_view
    return self._changeform_view(request, object_id, form_url, extra_context)
  File "/usr/local/lib/python3.9/site-packages/django/contrib/admin/options.py", line 1781, in _changeform_view
    ModelForm = self.get_form(
  File "/usr/local/lib/python3.9/site-packages/django/contrib/admin/options.py", line 766, in get_form
    readonly_fields = self.get_readonly_fields(request, obj)
  File "/Users/jeffreyzhang/Workspace/training/training_program_2022/recruitment/interview/admin.py", line 75, in get_readonly_fields
    group_names = self.get_group_names(request.user)
AttributeError: 'CandidateAdmin' object has no attribute 'get_group_names'
2022-05-12 13:23:54,734 django.utils.autoreload 266 INFO     /Users/jeffreyzhang/Workspace/training/training_program_2022/recruitment/interview/admin.py changed, reloading.
2022-05-12 13:23:55,162 django.utils.autoreload 677 INFO     Watching for file changes with StatReloader
2022-05-12 13:24:02,380 django.utils.autoreload 266 INFO     /Users/jeffreyzhang/Workspace/training/training_program_2022/recruitment/interview/admin.py changed, reloading.
2022-05-12 13:24:02,809 django.utils.autoreload 677 INFO     Watching for file changes with StatReloader
2022-05-12 13:24:03,974 django.utils.autoreload 266 INFO     /Users/jeffreyzhang/Workspace/training/training_program_2022/recruitment/interview/admin.py changed, reloading.
2022-05-12 13:24:04,366 django.utils.autoreload 677 INFO     Watching for file changes with StatReloader
2022-05-12 13:24:06,544 django.utils.autoreload 266 INFO     /Users/jeffreyzhang/Workspace/training/training_program_2022/recruitment/interview/admin.py changed, reloading.
2022-05-12 13:24:06,934 django.utils.autoreload 677 INFO     Watching for file changes with StatReloader
2022-05-12 13:24:09,159 django.utils.autoreload 266 INFO     /Users/jeffreyzhang/Workspace/training/training_program_2022/recruitment/interview/admin.py changed, reloading.
2022-05-12 13:24:09,581 django.utils.autoreload 677 INFO     Watching for file changes with StatReloader
2022-05-12 13:24:14,789 django.utils.autoreload 266 INFO     /Users/jeffreyzhang/Workspace/training/training_program_2022/recruitment/interview/admin.py changed, reloading.
2022-05-12 13:24:15,268 django.utils.autoreload 677 INFO     Watching for file changes with StatReloader
2022-05-12 13:24:22,536 django.utils.autoreload 266 INFO     /Users/jeffreyzhang/Workspace/training/training_program_2022/recruitment/interview/admin.py changed, reloading.
2022-05-12 13:24:22,930 django.utils.autoreload 677 INFO     Watching for file changes with StatReloader
2022-05-12 13:24:26,116 django.utils.autoreload 266 INFO     /Users/jeffreyzhang/Workspace/training/training_program_2022/recruitment/interview/admin.py changed, reloading.
2022-05-12 13:24:26,545 django.utils.autoreload 677 INFO     Watching for file changes with StatReloader
2022-05-12 13:24:48,963 django.utils.autoreload 266 INFO     /Users/jeffreyzhang/Workspace/training/training_program_2022/recruitment/interview/admin.py changed, reloading.
2022-05-12 13:24:49,427 django.utils.autoreload 677 INFO     Watching for file changes with StatReloader
2022-05-12 13:24:52,633 django.utils.autoreload 266 INFO     /Users/jeffreyzhang/Workspace/training/training_program_2022/recruitment/interview/admin.py changed, reloading.
2022-05-12 13:24:53,058 django.utils.autoreload 677 INFO     Watching for file changes with StatReloader
2022-05-12 13:24:54,226 django.utils.autoreload 266 INFO     /Users/jeffreyzhang/Workspace/training/training_program_2022/recruitment/interview/admin.py changed, reloading.
2022-05-12 13:24:54,695 django.utils.autoreload 677 INFO     Watching for file changes with StatReloader
2022-05-12 13:24:55,866 django.utils.autoreload 266 INFO     /Users/jeffreyzhang/Workspace/training/training_program_2022/recruitment/interview/admin.py changed, reloading.
2022-05-12 13:24:56,269 django.utils.autoreload 677 INFO     Watching for file changes with StatReloader
2022-05-12 13:25:02,476 django.utils.autoreload 266 INFO     /Users/jeffreyzhang/Workspace/training/training_program_2022/recruitment/interview/admin.py changed, reloading.
2022-05-12 13:25:02,896 django.utils.autoreload 677 INFO     Watching for file changes with StatReloader
2022-05-12 13:25:06,082 django.utils.autoreload 266 INFO     /Users/jeffreyzhang/Workspace/training/training_program_2022/recruitment/interview/admin.py changed, reloading.
2022-05-12 13:25:06,493 django.utils.autoreload 677 INFO     Watching for file changes with StatReloader
2022-05-12 13:25:32,863 django.utils.autoreload 677 INFO     Watching for file changes with StatReloader
2022-05-12 13:25:56,504 django.utils.autoreload 677 INFO     Watching for file changes with StatReloader
2022-05-12 13:26:23,198 django.utils.autoreload 677 INFO     Watching for file changes with StatReloader
2022-05-12 13:26:25,816 django.request 241 ERROR    Internal Server Error: /admin/interview/candidate/2/change/
Traceback (most recent call last):
  File "/usr/local/lib/python3.9/site-packages/django/core/handlers/exception.py", line 55, in inner
    response = get_response(request)
  File "/usr/local/lib/python3.9/site-packages/django/core/handlers/base.py", line 197, in _get_response
    response = wrapped_callback(request, *callback_args, **callback_kwargs)
  File "/usr/local/lib/python3.9/site-packages/django/contrib/admin/options.py", line 683, in wrapper
    return self.admin_site.admin_view(view)(*args, **kwargs)
  File "/usr/local/lib/python3.9/site-packages/django/utils/decorators.py", line 133, in _wrapped_view
    response = view_func(request, *args, **kwargs)
  File "/usr/local/lib/python3.9/site-packages/django/views/decorators/cache.py", line 62, in _wrapped_view_func
    response = view_func(request, *args, **kwargs)
  File "/usr/local/lib/python3.9/site-packages/django/contrib/admin/sites.py", line 242, in inner
    return view(request, *args, **kwargs)
  File "/usr/local/lib/python3.9/site-packages/django/contrib/admin/options.py", line 1888, in change_view
    return self.changeform_view(request, object_id, form_url, extra_context)
  File "/usr/local/lib/python3.9/site-packages/django/utils/decorators.py", line 46, in _wrapper
    return bound_method(*args, **kwargs)
  File "/usr/local/lib/python3.9/site-packages/django/utils/decorators.py", line 133, in _wrapped_view
    response = view_func(request, *args, **kwargs)
  File "/usr/local/lib/python3.9/site-packages/django/contrib/admin/options.py", line 1745, in changeform_view
    return self._changeform_view(request, object_id, form_url, extra_context)
  File "/usr/local/lib/python3.9/site-packages/django/contrib/admin/options.py", line 1781, in _changeform_view
    ModelForm = self.get_form(
  File "/usr/local/lib/python3.9/site-packages/django/contrib/admin/options.py", line 766, in get_form
    readonly_fields = self.get_readonly_fields(request, obj)
  File "/Users/jeffreyzhang/Workspace/training/training_program_2022/recruitment/interview/admin.py", line 74, in get_readonly_fields
    group_names = self.get_group_names(request.user)
AttributeError: 'CandidateAdmin' object has no attribute 'get_group_names'
2022-05-12 13:27:11,858 django.utils.autoreload 266 INFO     /Users/jeffreyzhang/Workspace/training/training_program_2022/recruitment/interview/admin.py changed, reloading.
2022-05-12 13:27:12,325 django.utils.autoreload 677 INFO     Watching for file changes with StatReloader
2022-05-12 13:27:15,547 django.utils.autoreload 266 INFO     /Users/jeffreyzhang/Workspace/training/training_program_2022/recruitment/interview/admin.py changed, reloading.
2022-05-12 13:27:15,970 django.utils.autoreload 677 INFO     Watching for file changes with StatReloader
2022-05-12 13:27:18,814 django.request 241 ERROR    Internal Server Error: /admin/interview/candidate/2/change/
Traceback (most recent call last):
  File "/usr/local/lib/python3.9/site-packages/django/core/handlers/exception.py", line 55, in inner
    response = get_response(request)
  File "/usr/local/lib/python3.9/site-packages/django/core/handlers/base.py", line 197, in _get_response
    response = wrapped_callback(request, *callback_args, **callback_kwargs)
  File "/usr/local/lib/python3.9/site-packages/django/contrib/admin/options.py", line 683, in wrapper
    return self.admin_site.admin_view(view)(*args, **kwargs)
  File "/usr/local/lib/python3.9/site-packages/django/utils/decorators.py", line 133, in _wrapped_view
    response = view_func(request, *args, **kwargs)
  File "/usr/local/lib/python3.9/site-packages/django/views/decorators/cache.py", line 62, in _wrapped_view_func
    response = view_func(request, *args, **kwargs)
  File "/usr/local/lib/python3.9/site-packages/django/contrib/admin/sites.py", line 242, in inner
    return view(request, *args, **kwargs)
  File "/usr/local/lib/python3.9/site-packages/django/contrib/admin/options.py", line 1888, in change_view
    return self.changeform_view(request, object_id, form_url, extra_context)
  File "/usr/local/lib/python3.9/site-packages/django/utils/decorators.py", line 46, in _wrapper
    return bound_method(*args, **kwargs)
  File "/usr/local/lib/python3.9/site-packages/django/utils/decorators.py", line 133, in _wrapped_view
    response = view_func(request, *args, **kwargs)
  File "/usr/local/lib/python3.9/site-packages/django/contrib/admin/options.py", line 1745, in changeform_view
    return self._changeform_view(request, object_id, form_url, extra_context)
  File "/usr/local/lib/python3.9/site-packages/django/contrib/admin/options.py", line 1781, in _changeform_view
    ModelForm = self.get_form(
  File "/usr/local/lib/python3.9/site-packages/django/contrib/admin/options.py", line 766, in get_form
    readonly_fields = self.get_readonly_fields(request, obj)
  File "/Users/jeffreyzhang/Workspace/training/training_program_2022/recruitment/interview/admin.py", line 74, in get_readonly_fields
    group_names = self.get_group_names(request.user)
AttributeError: 'CandidateAdmin' object has no attribute 'get_group_names'
2022-05-12 13:31:02,339 django.utils.autoreload 266 INFO     /Users/jeffreyzhang/Workspace/training/training_program_2022/recruitment/interview/admin.py changed, reloading.
2022-05-12 13:31:02,877 django.utils.autoreload 677 INFO     Watching for file changes with StatReloader
2022-05-12 13:31:22,224 django.utils.autoreload 266 INFO     /Users/jeffreyzhang/Workspace/training/training_program_2022/recruitment/interview/admin.py changed, reloading.
2022-05-12 13:31:22,639 django.utils.autoreload 677 INFO     Watching for file changes with StatReloader
2022-05-12 13:31:58,513 django.utils.autoreload 266 INFO     /Users/jeffreyzhang/Workspace/training/training_program_2022/recruitment/interview/admin.py changed, reloading.
2022-05-12 13:31:59,008 django.utils.autoreload 677 INFO     Watching for file changes with StatReloader
2022-05-12 13:32:05,898 django.request 241 ERROR    Internal Server Error: /admin/interview/candidate/3/change/
Traceback (most recent call last):
  File "/usr/local/lib/python3.9/site-packages/django/core/handlers/exception.py", line 55, in inner
    response = get_response(request)
  File "/usr/local/lib/python3.9/site-packages/django/core/handlers/base.py", line 197, in _get_response
    response = wrapped_callback(request, *callback_args, **callback_kwargs)
  File "/usr/local/lib/python3.9/site-packages/django/contrib/admin/options.py", line 683, in wrapper
    return self.admin_site.admin_view(view)(*args, **kwargs)
  File "/usr/local/lib/python3.9/site-packages/django/utils/decorators.py", line 133, in _wrapped_view
    response = view_func(request, *args, **kwargs)
  File "/usr/local/lib/python3.9/site-packages/django/views/decorators/cache.py", line 62, in _wrapped_view_func
    response = view_func(request, *args, **kwargs)
  File "/usr/local/lib/python3.9/site-packages/django/contrib/admin/sites.py", line 242, in inner
    return view(request, *args, **kwargs)
  File "/usr/local/lib/python3.9/site-packages/django/contrib/admin/options.py", line 1888, in change_view
    return self.changeform_view(request, object_id, form_url, extra_context)
  File "/usr/local/lib/python3.9/site-packages/django/utils/decorators.py", line 46, in _wrapper
    return bound_method(*args, **kwargs)
  File "/usr/local/lib/python3.9/site-packages/django/utils/decorators.py", line 133, in _wrapped_view
    response = view_func(request, *args, **kwargs)
  File "/usr/local/lib/python3.9/site-packages/django/contrib/admin/options.py", line 1745, in changeform_view
    return self._changeform_view(request, object_id, form_url, extra_context)
  File "/usr/local/lib/python3.9/site-packages/django/contrib/admin/options.py", line 1781, in _changeform_view
    ModelForm = self.get_form(
  File "/usr/local/lib/python3.9/site-packages/django/contrib/admin/options.py", line 766, in get_form
    readonly_fields = self.get_readonly_fields(request, obj)
  File "/Users/jeffreyzhang/Workspace/training/training_program_2022/recruitment/interview/admin.py", line 74, in get_readonly_fields
    group_names = self.get_group_names(request.user)
AttributeError: 'CandidateAdmin' object has no attribute 'get_group_names'
2022-05-12 13:32:15,905 django.request 241 ERROR    Internal Server Error: /admin/interview/candidate/2/change/
Traceback (most recent call last):
  File "/usr/local/lib/python3.9/site-packages/django/core/handlers/exception.py", line 55, in inner
    response = get_response(request)
  File "/usr/local/lib/python3.9/site-packages/django/core/handlers/base.py", line 197, in _get_response
    response = wrapped_callback(request, *callback_args, **callback_kwargs)
  File "/usr/local/lib/python3.9/site-packages/django/contrib/admin/options.py", line 683, in wrapper
    return self.admin_site.admin_view(view)(*args, **kwargs)
  File "/usr/local/lib/python3.9/site-packages/django/utils/decorators.py", line 133, in _wrapped_view
    response = view_func(request, *args, **kwargs)
  File "/usr/local/lib/python3.9/site-packages/django/views/decorators/cache.py", line 62, in _wrapped_view_func
    response = view_func(request, *args, **kwargs)
  File "/usr/local/lib/python3.9/site-packages/django/contrib/admin/sites.py", line 242, in inner
    return view(request, *args, **kwargs)
  File "/usr/local/lib/python3.9/site-packages/django/contrib/admin/options.py", line 1888, in change_view
    return self.changeform_view(request, object_id, form_url, extra_context)
  File "/usr/local/lib/python3.9/site-packages/django/utils/decorators.py", line 46, in _wrapper
    return bound_method(*args, **kwargs)
  File "/usr/local/lib/python3.9/site-packages/django/utils/decorators.py", line 133, in _wrapped_view
    response = view_func(request, *args, **kwargs)
  File "/usr/local/lib/python3.9/site-packages/django/contrib/admin/options.py", line 1745, in changeform_view
    return self._changeform_view(request, object_id, form_url, extra_context)
  File "/usr/local/lib/python3.9/site-packages/django/contrib/admin/options.py", line 1781, in _changeform_view
    ModelForm = self.get_form(
  File "/usr/local/lib/python3.9/site-packages/django/contrib/admin/options.py", line 766, in get_form
    readonly_fields = self.get_readonly_fields(request, obj)
  File "/Users/jeffreyzhang/Workspace/training/training_program_2022/recruitment/interview/admin.py", line 74, in get_readonly_fields
    group_names = self.get_group_names(request.user)
AttributeError: 'CandidateAdmin' object has no attribute 'get_group_names'
2022-05-12 13:33:07,344 django.request 241 ERROR    Internal Server Error: /admin/interview/candidate/3/change/
Traceback (most recent call last):
  File "/usr/local/lib/python3.9/site-packages/django/core/handlers/exception.py", line 55, in inner
    response = get_response(request)
  File "/usr/local/lib/python3.9/site-packages/django/core/handlers/base.py", line 197, in _get_response
    response = wrapped_callback(request, *callback_args, **callback_kwargs)
  File "/usr/local/lib/python3.9/site-packages/django/contrib/admin/options.py", line 683, in wrapper
    return self.admin_site.admin_view(view)(*args, **kwargs)
  File "/usr/local/lib/python3.9/site-packages/django/utils/decorators.py", line 133, in _wrapped_view
    response = view_func(request, *args, **kwargs)
  File "/usr/local/lib/python3.9/site-packages/django/views/decorators/cache.py", line 62, in _wrapped_view_func
    response = view_func(request, *args, **kwargs)
  File "/usr/local/lib/python3.9/site-packages/django/contrib/admin/sites.py", line 242, in inner
    return view(request, *args, **kwargs)
  File "/usr/local/lib/python3.9/site-packages/django/contrib/admin/options.py", line 1888, in change_view
    return self.changeform_view(request, object_id, form_url, extra_context)
  File "/usr/local/lib/python3.9/site-packages/django/utils/decorators.py", line 46, in _wrapper
    return bound_method(*args, **kwargs)
  File "/usr/local/lib/python3.9/site-packages/django/utils/decorators.py", line 133, in _wrapped_view
    response = view_func(request, *args, **kwargs)
  File "/usr/local/lib/python3.9/site-packages/django/contrib/admin/options.py", line 1745, in changeform_view
    return self._changeform_view(request, object_id, form_url, extra_context)
  File "/usr/local/lib/python3.9/site-packages/django/contrib/admin/options.py", line 1781, in _changeform_view
    ModelForm = self.get_form(
  File "/usr/local/lib/python3.9/site-packages/django/contrib/admin/options.py", line 766, in get_form
    readonly_fields = self.get_readonly_fields(request, obj)
  File "/Users/jeffreyzhang/Workspace/training/training_program_2022/recruitment/interview/admin.py", line 74, in get_readonly_fields
    group_names = self.get_group_names(request.user)
AttributeError: 'CandidateAdmin' object has no attribute 'get_group_names'
2022-05-12 13:38:39,064 django.utils.autoreload 266 INFO     /Users/jeffreyzhang/Workspace/training/training_program_2022/recruitment/interview/admin.py changed, reloading.
2022-05-12 13:38:39,544 django.utils.autoreload 677 INFO     Watching for file changes with StatReloader
2022-05-12 13:38:55,909 django.utils.autoreload 266 INFO     /Users/jeffreyzhang/Workspace/training/training_program_2022/recruitment/interview/admin.py changed, reloading.
2022-05-12 13:38:56,483 django.utils.autoreload 677 INFO     Watching for file changes with StatReloader
2022-05-12 13:39:01,728 django.utils.autoreload 266 INFO     /Users/jeffreyzhang/Workspace/training/training_program_2022/recruitment/interview/admin.py changed, reloading.
2022-05-12 13:39:02,224 django.utils.autoreload 677 INFO     Watching for file changes with StatReloader
2022-05-12 13:39:04,401 django.utils.autoreload 266 INFO     /Users/jeffreyzhang/Workspace/training/training_program_2022/recruitment/interview/admin.py changed, reloading.
2022-05-12 13:39:04,868 django.utils.autoreload 677 INFO     Watching for file changes with StatReloader
2022-05-12 13:39:08,084 django.utils.autoreload 266 INFO     /Users/jeffreyzhang/Workspace/training/training_program_2022/recruitment/interview/admin.py changed, reloading.
2022-05-12 13:39:08,564 django.utils.autoreload 677 INFO     Watching for file changes with StatReloader
2022-05-12 13:39:57,975 django_python3_ldap.ldap 193 INFO     LDAP connect succeeded
2022-05-12 13:39:57,975 django_python3_ldap.ldap 193 INFO     LDAP connect succeeded
2022-05-12 13:39:57,985 django_python3_ldap.ldap 88 INFO     LDAP user lookup succeeded
2022-05-12 13:39:57,985 django_python3_ldap.ldap 88 INFO     LDAP user lookup succeeded
2022-05-12 13:40:16,709 django_python3_ldap.ldap 196 WARNING  LDAP bind failed: LDAPInvalidCredentialsResult - 49 - invalidCredentials - None - None - bindResponse - None
2022-05-12 13:40:16,709 django_python3_ldap.ldap 196 WARNING  LDAP bind failed: LDAPInvalidCredentialsResult - 49 - invalidCredentials - None - None - bindResponse - None
2022-05-12 13:40:29,706 django.utils.autoreload 266 INFO     /Users/jeffreyzhang/Workspace/training/training_program_2022/recruitment/interview/admin.py changed, reloading.
2022-05-12 13:40:30,251 django.utils.autoreload 677 INFO     Watching for file changes with StatReloader
2022-05-12 13:42:40,486 django_python3_ldap.ldap 193 INFO     LDAP connect succeeded
2022-05-12 13:42:40,486 django_python3_ldap.ldap 193 INFO     LDAP connect succeeded
2022-05-12 13:42:40,498 django_python3_ldap.ldap 88 INFO     LDAP user lookup succeeded
2022-05-12 13:42:40,498 django_python3_ldap.ldap 88 INFO     LDAP user lookup succeeded
2022-05-12 13:42:59,861 django_python3_ldap.ldap 193 INFO     LDAP connect succeeded
2022-05-12 13:42:59,861 django_python3_ldap.ldap 193 INFO     LDAP connect succeeded
2022-05-12 13:42:59,873 django_python3_ldap.ldap 88 INFO     LDAP user lookup succeeded
2022-05-12 13:42:59,873 django_python3_ldap.ldap 88 INFO     LDAP user lookup succeeded
2022-05-12 13:43:04,703 interview.admin 80 INFO     interviewer is in user group for jeffrey_zhang
2022-05-12 13:43:04,707 interview.admin 80 INFO     interviewer is in user group for jeffrey_zhang
2022-05-12 13:43:41,875 interview.admin 80 INFO     interviewer is in user group for jeffrey_zhang
2022-05-12 13:43:41,879 interview.admin 80 INFO     interviewer is in user group for jeffrey_zhang
2022-05-12 13:43:48,130 interview.admin 80 INFO     interviewer is in user group for jeffrey_zhang
2022-05-12 13:43:48,134 interview.admin 80 INFO     interviewer is in user group for jeffrey_zhang
2022-05-12 13:43:52,372 django.request 241 WARNING  Forbidden (Permission denied): /admin/auth/user/5/change/
Traceback (most recent call last):
  File "/usr/local/lib/python3.9/site-packages/django/core/handlers/exception.py", line 55, in inner
    response = get_response(request)
  File "/usr/local/lib/python3.9/site-packages/django/core/handlers/base.py", line 197, in _get_response
    response = wrapped_callback(request, *callback_args, **callback_kwargs)
  File "/usr/local/lib/python3.9/site-packages/django/contrib/admin/options.py", line 683, in wrapper
    return self.admin_site.admin_view(view)(*args, **kwargs)
  File "/usr/local/lib/python3.9/site-packages/django/utils/decorators.py", line 133, in _wrapped_view
    response = view_func(request, *args, **kwargs)
  File "/usr/local/lib/python3.9/site-packages/django/views/decorators/cache.py", line 62, in _wrapped_view_func
    response = view_func(request, *args, **kwargs)
  File "/usr/local/lib/python3.9/site-packages/django/contrib/admin/sites.py", line 242, in inner
    return view(request, *args, **kwargs)
  File "/usr/local/lib/python3.9/site-packages/django/contrib/admin/options.py", line 1888, in change_view
    return self.changeform_view(request, object_id, form_url, extra_context)
  File "/usr/local/lib/python3.9/site-packages/django/utils/decorators.py", line 46, in _wrapper
    return bound_method(*args, **kwargs)
  File "/usr/local/lib/python3.9/site-packages/django/utils/decorators.py", line 133, in _wrapped_view
    response = view_func(request, *args, **kwargs)
  File "/usr/local/lib/python3.9/site-packages/django/contrib/admin/options.py", line 1745, in changeform_view
    return self._changeform_view(request, object_id, form_url, extra_context)
  File "/usr/local/lib/python3.9/site-packages/django/contrib/admin/options.py", line 1775, in _changeform_view
    raise PermissionDenied
django.core.exceptions.PermissionDenied
2022-05-12 13:43:54,632 interview.admin 80 INFO     interviewer is in user group for jeffrey_zhang
2022-05-12 13:43:54,636 interview.admin 80 INFO     interviewer is in user group for jeffrey_zhang
2022-05-12 13:44:44,183 django.utils.autoreload 266 INFO     /Users/jeffreyzhang/Workspace/training/training_program_2022/recruitment/interview/admin.py changed, reloading.
2022-05-12 13:44:44,841 django.utils.autoreload 677 INFO     Watching for file changes with StatReloader
2022-05-12 13:44:49,036 django.utils.autoreload 266 INFO     /Users/jeffreyzhang/Workspace/training/training_program_2022/recruitment/interview/admin.py changed, reloading.
2022-05-12 13:44:49,448 django.utils.autoreload 677 INFO     Watching for file changes with StatReloader
2022-05-12 13:44:55,660 django.utils.autoreload 266 INFO     /Users/jeffreyzhang/Workspace/training/training_program_2022/recruitment/interview/admin.py changed, reloading.
2022-05-12 13:44:56,097 django.utils.autoreload 677 INFO     Watching for file changes with StatReloader
2022-05-12 13:44:58,278 django.utils.autoreload 266 INFO     /Users/jeffreyzhang/Workspace/training/training_program_2022/recruitment/interview/admin.py changed, reloading.
2022-05-12 13:44:58,723 django.utils.autoreload 677 INFO     Watching for file changes with StatReloader
2022-05-12 13:45:07,964 django.utils.autoreload 266 INFO     /Users/jeffreyzhang/Workspace/training/training_program_2022/recruitment/interview/admin.py changed, reloading.
2022-05-12 13:45:08,387 django.utils.autoreload 677 INFO     Watching for file changes with StatReloader
2022-05-12 13:45:10,566 django.utils.autoreload 266 INFO     /Users/jeffreyzhang/Workspace/training/training_program_2022/recruitment/interview/admin.py changed, reloading.
2022-05-12 13:45:10,996 django.utils.autoreload 677 INFO     Watching for file changes with StatReloader
2022-05-12 13:45:19,234 django.utils.autoreload 266 INFO     /Users/jeffreyzhang/Workspace/training/training_program_2022/recruitment/interview/admin.py changed, reloading.
2022-05-12 13:45:19,653 django.utils.autoreload 677 INFO     Watching for file changes with StatReloader
2022-05-12 13:45:21,831 django.utils.autoreload 266 INFO     /Users/jeffreyzhang/Workspace/training/training_program_2022/recruitment/interview/admin.py changed, reloading.
2022-05-12 13:45:22,282 django.utils.autoreload 677 INFO     Watching for file changes with StatReloader
2022-05-12 13:45:22,783 interview.admin 80 INFO     interviewer is in user group for jeffrey_zhang
2022-05-12 13:45:22,786 interview.admin 80 INFO     interviewer is in user group for jeffrey_zhang
2022-05-12 13:45:35,300 interview.admin 80 INFO     interviewer is in user group for jeffrey_zhang
2022-05-12 13:45:35,305 interview.admin 80 INFO     interviewer is in user group for jeffrey_zhang
2022-05-12 13:45:47,665 interview.admin 80 INFO     interviewer is in user group for jeffrey_zhang
2022-05-12 13:45:47,669 interview.admin 80 INFO     interviewer is in user group for jeffrey_zhang
2022-05-12 13:46:35,213 django_python3_ldap.ldap 193 INFO     LDAP connect succeeded
2022-05-12 13:46:35,213 django_python3_ldap.ldap 193 INFO     LDAP connect succeeded
2022-05-12 13:46:35,222 django_python3_ldap.ldap 88 INFO     LDAP user lookup succeeded
2022-05-12 13:46:35,222 django_python3_ldap.ldap 88 INFO     LDAP user lookup succeeded
2022-05-12 13:46:55,690 django.utils.autoreload 266 INFO     /Users/jeffreyzhang/Workspace/training/training_program_2022/recruitment/interview/admin.py changed, reloading.
2022-05-12 13:46:56,218 django.utils.autoreload 677 INFO     Watching for file changes with StatReloader
2022-05-12 13:47:00,461 django.utils.autoreload 266 INFO     /Users/jeffreyzhang/Workspace/training/training_program_2022/recruitment/interview/admin.py changed, reloading.
2022-05-12 13:47:00,910 django.utils.autoreload 677 INFO     Watching for file changes with StatReloader
2022-05-12 13:47:02,082 django.utils.autoreload 266 INFO     /Users/jeffreyzhang/Workspace/training/training_program_2022/recruitment/interview/admin.py changed, reloading.
2022-05-12 13:47:02,652 django.utils.autoreload 677 INFO     Watching for file changes with StatReloader
2022-05-12 13:47:03,826 django.utils.autoreload 266 INFO     /Users/jeffreyzhang/Workspace/training/training_program_2022/recruitment/interview/admin.py changed, reloading.
2022-05-12 13:47:04,280 django.utils.autoreload 677 INFO     Watching for file changes with StatReloader
2022-05-12 13:47:06,458 django.utils.autoreload 266 INFO     /Users/jeffreyzhang/Workspace/training/training_program_2022/recruitment/interview/admin.py changed, reloading.
2022-05-12 13:47:06,986 django.utils.autoreload 677 INFO     Watching for file changes with StatReloader
2022-05-12 13:47:08,217 django.utils.autoreload 266 INFO     /Users/jeffreyzhang/Workspace/training/training_program_2022/recruitment/interview/admin.py changed, reloading.
2022-05-12 13:47:08,673 django.utils.autoreload 677 INFO     Watching for file changes with StatReloader
2022-05-12 13:47:10,868 django.utils.autoreload 266 INFO     /Users/jeffreyzhang/Workspace/training/training_program_2022/recruitment/interview/admin.py changed, reloading.
2022-05-12 13:47:11,414 django.utils.autoreload 677 INFO     Watching for file changes with StatReloader
2022-05-12 13:47:27,750 django.utils.autoreload 266 INFO     /Users/jeffreyzhang/Workspace/training/training_program_2022/recruitment/interview/admin.py changed, reloading.
2022-05-12 13:47:28,213 django.utils.autoreload 677 INFO     Watching for file changes with StatReloader
2022-05-12 13:47:32,434 django.utils.autoreload 266 INFO     /Users/jeffreyzhang/Workspace/training/training_program_2022/recruitment/interview/admin.py changed, reloading.
2022-05-12 13:47:32,912 django.utils.autoreload 677 INFO     Watching for file changes with StatReloader
2022-05-12 13:47:34,093 django.utils.autoreload 266 INFO     /Users/jeffreyzhang/Workspace/training/training_program_2022/recruitment/interview/admin.py changed, reloading.
2022-05-12 13:47:34,525 django.utils.autoreload 677 INFO     Watching for file changes with StatReloader
2022-05-12 13:47:38,724 django.utils.autoreload 266 INFO     /Users/jeffreyzhang/Workspace/training/training_program_2022/recruitment/interview/admin.py changed, reloading.
2022-05-12 13:47:39,192 django.utils.autoreload 677 INFO     Watching for file changes with StatReloader
2022-05-12 13:47:54,554 django.utils.autoreload 266 INFO     /Users/jeffreyzhang/Workspace/training/training_program_2022/recruitment/interview/admin.py changed, reloading.
2022-05-12 13:47:55,098 django.utils.autoreload 677 INFO     Watching for file changes with StatReloader
2022-05-12 13:49:53,570 django.utils.autoreload 266 INFO     /Users/jeffreyzhang/Workspace/training/training_program_2022/recruitment/interview/admin.py changed, reloading.
2022-05-12 13:49:54,018 django.utils.autoreload 677 INFO     Watching for file changes with StatReloader
2022-05-12 13:49:56,201 django.utils.autoreload 266 INFO     /Users/jeffreyzhang/Workspace/training/training_program_2022/recruitment/interview/admin.py changed, reloading.
2022-05-12 13:49:56,615 django.utils.autoreload 677 INFO     Watching for file changes with StatReloader
2022-05-12 13:49:59,792 django.utils.autoreload 266 INFO     /Users/jeffreyzhang/Workspace/training/training_program_2022/recruitment/interview/admin.py changed, reloading.
2022-05-12 13:50:00,191 django.utils.autoreload 677 INFO     Watching for file changes with StatReloader
2022-05-12 13:50:08,403 django.utils.autoreload 266 INFO     /Users/jeffreyzhang/Workspace/training/training_program_2022/recruitment/interview/admin.py changed, reloading.
2022-05-12 13:50:08,793 django.utils.autoreload 677 INFO     Watching for file changes with StatReloader
2022-05-12 13:50:12,987 django.utils.autoreload 266 INFO     /Users/jeffreyzhang/Workspace/training/training_program_2022/recruitment/interview/admin.py changed, reloading.
2022-05-12 13:50:13,471 django.utils.autoreload 677 INFO     Watching for file changes with StatReloader
2022-05-12 13:50:14,644 django.utils.autoreload 266 INFO     /Users/jeffreyzhang/Workspace/training/training_program_2022/recruitment/interview/admin.py changed, reloading.
2022-05-12 13:50:15,126 django.utils.autoreload 677 INFO     Watching for file changes with StatReloader
2022-05-12 13:50:16,311 django.utils.autoreload 266 INFO     /Users/jeffreyzhang/Workspace/training/training_program_2022/recruitment/interview/admin.py changed, reloading.
2022-05-12 13:50:16,748 django.utils.autoreload 677 INFO     Watching for file changes with StatReloader
2022-05-12 13:50:19,932 django.utils.autoreload 266 INFO     /Users/jeffreyzhang/Workspace/training/training_program_2022/recruitment/interview/admin.py changed, reloading.
2022-05-12 13:50:20,359 django.utils.autoreload 677 INFO     Watching for file changes with StatReloader
2022-05-12 13:50:22,556 django.utils.autoreload 266 INFO     /Users/jeffreyzhang/Workspace/training/training_program_2022/recruitment/interview/admin.py changed, reloading.
2022-05-12 13:50:23,004 django.utils.autoreload 677 INFO     Watching for file changes with StatReloader
2022-05-12 13:50:24,172 django.utils.autoreload 266 INFO     /Users/jeffreyzhang/Workspace/training/training_program_2022/recruitment/interview/admin.py changed, reloading.
2022-05-12 13:50:24,741 django.utils.autoreload 677 INFO     Watching for file changes with StatReloader
2022-05-12 13:50:26,934 django.utils.autoreload 266 INFO     /Users/jeffreyzhang/Workspace/training/training_program_2022/recruitment/interview/admin.py changed, reloading.
2022-05-12 13:50:27,379 django.utils.autoreload 677 INFO     Watching for file changes with StatReloader
2022-05-12 13:50:33,588 django.utils.autoreload 266 INFO     /Users/jeffreyzhang/Workspace/training/training_program_2022/recruitment/interview/admin.py changed, reloading.
2022-05-12 13:50:34,000 django.utils.autoreload 677 INFO     Watching for file changes with StatReloader
2022-05-12 13:50:37,191 django.utils.autoreload 266 INFO     /Users/jeffreyzhang/Workspace/training/training_program_2022/recruitment/interview/admin.py changed, reloading.
2022-05-12 13:50:37,623 django.utils.autoreload 677 INFO     Watching for file changes with StatReloader
2022-05-12 13:50:41,818 django.utils.autoreload 266 INFO     /Users/jeffreyzhang/Workspace/training/training_program_2022/recruitment/interview/admin.py changed, reloading.
2022-05-12 13:50:42,267 django.utils.autoreload 677 INFO     Watching for file changes with StatReloader
2022-05-12 13:50:43,437 django.utils.autoreload 266 INFO     /Users/jeffreyzhang/Workspace/training/training_program_2022/recruitment/interview/admin.py changed, reloading.
2022-05-12 13:50:43,836 django.utils.autoreload 677 INFO     Watching for file changes with StatReloader
2022-05-12 13:50:46,012 django.utils.autoreload 266 INFO     /Users/jeffreyzhang/Workspace/training/training_program_2022/recruitment/interview/admin.py changed, reloading.
2022-05-12 13:50:46,468 django.utils.autoreload 677 INFO     Watching for file changes with StatReloader
2022-05-12 13:50:47,638 django.utils.autoreload 266 INFO     /Users/jeffreyzhang/Workspace/training/training_program_2022/recruitment/interview/admin.py changed, reloading.
2022-05-12 13:50:48,127 django.utils.autoreload 677 INFO     Watching for file changes with StatReloader
2022-05-12 13:50:49,297 django.utils.autoreload 266 INFO     /Users/jeffreyzhang/Workspace/training/training_program_2022/recruitment/interview/admin.py changed, reloading.
2022-05-12 13:50:49,786 django.utils.autoreload 677 INFO     Watching for file changes with StatReloader
2022-05-12 13:51:19,230 django.utils.autoreload 266 INFO     /Users/jeffreyzhang/Workspace/training/training_program_2022/recruitment/interview/admin.py changed, reloading.
2022-05-12 13:51:19,660 django.utils.autoreload 677 INFO     Watching for file changes with StatReloader
2022-05-12 13:51:22,863 django.utils.autoreload 266 INFO     /Users/jeffreyzhang/Workspace/training/training_program_2022/recruitment/interview/admin.py changed, reloading.
2022-05-12 13:51:23,289 django.utils.autoreload 677 INFO     Watching for file changes with StatReloader
2022-05-12 13:51:26,473 django.utils.autoreload 266 INFO     /Users/jeffreyzhang/Workspace/training/training_program_2022/recruitment/interview/admin.py changed, reloading.
2022-05-12 13:51:26,919 django.utils.autoreload 677 INFO     Watching for file changes with StatReloader
2022-05-12 13:51:31,123 django.utils.autoreload 266 INFO     /Users/jeffreyzhang/Workspace/training/training_program_2022/recruitment/interview/admin.py changed, reloading.
2022-05-12 13:51:31,609 django.utils.autoreload 677 INFO     Watching for file changes with StatReloader
2022-05-12 13:51:32,790 django.utils.autoreload 266 INFO     /Users/jeffreyzhang/Workspace/training/training_program_2022/recruitment/interview/admin.py changed, reloading.
2022-05-12 13:51:33,255 django.utils.autoreload 677 INFO     Watching for file changes with StatReloader
2022-05-12 13:51:37,472 django.utils.autoreload 266 INFO     /Users/jeffreyzhang/Workspace/training/training_program_2022/recruitment/interview/admin.py changed, reloading.
2022-05-12 13:51:37,934 django.utils.autoreload 677 INFO     Watching for file changes with StatReloader
2022-05-12 13:51:41,136 django.utils.autoreload 266 INFO     /Users/jeffreyzhang/Workspace/training/training_program_2022/recruitment/interview/admin.py changed, reloading.
2022-05-12 13:51:41,619 django.utils.autoreload 677 INFO     Watching for file changes with StatReloader
2022-05-12 13:51:47,857 django.utils.autoreload 266 INFO     /Users/jeffreyzhang/Workspace/training/training_program_2022/recruitment/interview/admin.py changed, reloading.
2022-05-12 13:51:48,354 django.utils.autoreload 677 INFO     Watching for file changes with StatReloader
2022-05-12 13:51:49,512 django.utils.autoreload 266 INFO     /Users/jeffreyzhang/Workspace/training/training_program_2022/recruitment/interview/admin.py changed, reloading.
2022-05-12 13:51:49,947 django.utils.autoreload 677 INFO     Watching for file changes with StatReloader
2022-05-12 13:51:51,117 django.utils.autoreload 266 INFO     /Users/jeffreyzhang/Workspace/training/training_program_2022/recruitment/interview/admin.py changed, reloading.
2022-05-12 13:51:51,581 django.utils.autoreload 677 INFO     Watching for file changes with StatReloader
2022-05-12 13:52:00,836 django.utils.autoreload 266 INFO     /Users/jeffreyzhang/Workspace/training/training_program_2022/recruitment/interview/admin.py changed, reloading.
2022-05-12 13:52:01,306 django.utils.autoreload 677 INFO     Watching for file changes with StatReloader
2022-05-12 13:52:45,020 django.utils.autoreload 266 INFO     /Users/jeffreyzhang/Workspace/training/training_program_2022/recruitment/interview/admin.py changed, reloading.
2022-05-12 13:52:45,622 django.utils.autoreload 677 INFO     Watching for file changes with StatReloader
2022-05-12 13:52:46,798 django.utils.autoreload 266 INFO     /Users/jeffreyzhang/Workspace/training/training_program_2022/recruitment/interview/admin.py changed, reloading.
2022-05-12 13:52:47,303 django.utils.autoreload 677 INFO     Watching for file changes with StatReloader
2022-05-12 13:52:48,471 django.utils.autoreload 266 INFO     /Users/jeffreyzhang/Workspace/training/training_program_2022/recruitment/interview/admin.py changed, reloading.
2022-05-12 13:52:48,888 django.utils.autoreload 677 INFO     Watching for file changes with StatReloader
2022-05-12 13:52:56,106 django.utils.autoreload 266 INFO     /Users/jeffreyzhang/Workspace/training/training_program_2022/recruitment/interview/admin.py changed, reloading.
2022-05-12 13:52:56,607 django.utils.autoreload 677 INFO     Watching for file changes with StatReloader
2022-05-12 13:53:00,812 django.utils.autoreload 266 INFO     /Users/jeffreyzhang/Workspace/training/training_program_2022/recruitment/interview/admin.py changed, reloading.
2022-05-12 13:53:01,301 django.utils.autoreload 677 INFO     Watching for file changes with StatReloader
2022-05-12 13:53:03,480 django.utils.autoreload 266 INFO     /Users/jeffreyzhang/Workspace/training/training_program_2022/recruitment/interview/admin.py changed, reloading.
2022-05-12 13:53:03,967 django.utils.autoreload 677 INFO     Watching for file changes with StatReloader
2022-05-12 13:53:25,287 django.utils.autoreload 266 INFO     /Users/jeffreyzhang/Workspace/training/training_program_2022/recruitment/interview/admin.py changed, reloading.
2022-05-12 13:53:25,692 django.utils.autoreload 677 INFO     Watching for file changes with StatReloader
2022-05-12 13:53:30,898 django.utils.autoreload 266 INFO     /Users/jeffreyzhang/Workspace/training/training_program_2022/recruitment/interview/admin.py changed, reloading.
2022-05-12 13:53:31,297 django.utils.autoreload 677 INFO     Watching for file changes with StatReloader
2022-05-12 13:53:52,626 django.utils.autoreload 266 INFO     /Users/jeffreyzhang/Workspace/training/training_program_2022/recruitment/interview/admin.py changed, reloading.
2022-05-12 13:53:53,265 django.utils.autoreload 677 INFO     Watching for file changes with StatReloader
2022-05-12 13:54:00,496 django.utils.autoreload 266 INFO     /Users/jeffreyzhang/Workspace/training/training_program_2022/recruitment/interview/admin.py changed, reloading.
2022-05-12 13:54:00,892 django.utils.autoreload 677 INFO     Watching for file changes with StatReloader
2022-05-12 13:54:03,098 django.utils.autoreload 266 INFO     /Users/jeffreyzhang/Workspace/training/training_program_2022/recruitment/interview/admin.py changed, reloading.
2022-05-12 13:54:03,544 django.utils.autoreload 677 INFO     Watching for file changes with StatReloader
2022-05-12 13:54:05,729 django.utils.autoreload 266 INFO     /Users/jeffreyzhang/Workspace/training/training_program_2022/recruitment/interview/admin.py changed, reloading.
2022-05-12 13:54:06,151 django.utils.autoreload 677 INFO     Watching for file changes with StatReloader
2022-05-12 13:54:10,354 django.utils.autoreload 266 INFO     /Users/jeffreyzhang/Workspace/training/training_program_2022/recruitment/interview/admin.py changed, reloading.
2022-05-12 13:54:10,834 django.utils.autoreload 677 INFO     Watching for file changes with StatReloader
2022-05-12 13:54:16,068 django.utils.autoreload 266 INFO     /Users/jeffreyzhang/Workspace/training/training_program_2022/recruitment/interview/admin.py changed, reloading.
2022-05-12 13:54:16,508 django.utils.autoreload 677 INFO     Watching for file changes with StatReloader
2022-05-12 13:54:17,690 django.utils.autoreload 266 INFO     /Users/jeffreyzhang/Workspace/training/training_program_2022/recruitment/interview/admin.py changed, reloading.
2022-05-12 13:54:18,202 django.utils.autoreload 677 INFO     Watching for file changes with StatReloader
2022-05-12 13:54:20,396 django.utils.autoreload 266 INFO     /Users/jeffreyzhang/Workspace/training/training_program_2022/recruitment/interview/admin.py changed, reloading.
2022-05-12 13:54:20,833 django.utils.autoreload 677 INFO     Watching for file changes with StatReloader
2022-05-12 13:54:30,070 django.utils.autoreload 266 INFO     /Users/jeffreyzhang/Workspace/training/training_program_2022/recruitment/interview/admin.py changed, reloading.
2022-05-12 13:54:30,496 django.utils.autoreload 677 INFO     Watching for file changes with StatReloader
2022-05-12 13:54:32,669 django.utils.autoreload 266 INFO     /Users/jeffreyzhang/Workspace/training/training_program_2022/recruitment/interview/admin.py changed, reloading.
2022-05-12 13:54:33,151 django.utils.autoreload 677 INFO     Watching for file changes with StatReloader
2022-05-12 13:54:34,327 django.utils.autoreload 266 INFO     /Users/jeffreyzhang/Workspace/training/training_program_2022/recruitment/interview/admin.py changed, reloading.
2022-05-12 13:54:34,770 django.utils.autoreload 677 INFO     Watching for file changes with StatReloader
2022-05-12 13:54:36,937 django.utils.autoreload 266 INFO     /Users/jeffreyzhang/Workspace/training/training_program_2022/recruitment/interview/admin.py changed, reloading.
2022-05-12 13:54:37,356 django.utils.autoreload 677 INFO     Watching for file changes with StatReloader
2022-05-12 13:54:40,536 django.utils.autoreload 266 INFO     /Users/jeffreyzhang/Workspace/training/training_program_2022/recruitment/interview/admin.py changed, reloading.
2022-05-12 13:54:40,960 django.utils.autoreload 677 INFO     Watching for file changes with StatReloader
2022-05-12 13:54:44,140 django.utils.autoreload 266 INFO     /Users/jeffreyzhang/Workspace/training/training_program_2022/recruitment/interview/admin.py changed, reloading.
2022-05-12 13:54:44,565 django.utils.autoreload 677 INFO     Watching for file changes with StatReloader
2022-05-12 13:54:48,756 django.utils.autoreload 266 INFO     /Users/jeffreyzhang/Workspace/training/training_program_2022/recruitment/interview/admin.py changed, reloading.
2022-05-12 13:54:49,190 django.utils.autoreload 677 INFO     Watching for file changes with StatReloader
2022-05-12 13:54:50,366 django.utils.autoreload 266 INFO     /Users/jeffreyzhang/Workspace/training/training_program_2022/recruitment/interview/admin.py changed, reloading.
2022-05-12 13:54:50,793 django.utils.autoreload 677 INFO     Watching for file changes with StatReloader
2022-05-12 13:54:51,954 django.utils.autoreload 266 INFO     /Users/jeffreyzhang/Workspace/training/training_program_2022/recruitment/interview/admin.py changed, reloading.
2022-05-12 13:54:52,409 django.utils.autoreload 677 INFO     Watching for file changes with StatReloader
2022-05-12 13:55:27,034 django.utils.autoreload 266 INFO     /Users/jeffreyzhang/Workspace/training/training_program_2022/recruitment/interview/admin.py changed, reloading.
2022-05-12 13:55:27,687 django.utils.autoreload 677 INFO     Watching for file changes with StatReloader
2022-05-12 13:55:28,848 django.utils.autoreload 266 INFO     /Users/jeffreyzhang/Workspace/training/training_program_2022/recruitment/interview/admin.py changed, reloading.
2022-05-12 13:55:29,305 django.utils.autoreload 677 INFO     Watching for file changes with StatReloader
2022-05-12 13:55:46,063 django_python3_ldap.ldap 193 INFO     LDAP connect succeeded
2022-05-12 13:55:46,063 django_python3_ldap.ldap 193 INFO     LDAP connect succeeded
2022-05-12 13:55:46,072 django_python3_ldap.ldap 88 INFO     LDAP user lookup succeeded
2022-05-12 13:55:46,072 django_python3_ldap.ldap 88 INFO     LDAP user lookup succeeded
2022-05-12 13:55:56,119 django_python3_ldap.ldap 196 WARNING  LDAP bind failed: LDAPInvalidCredentialsResult - 49 - invalidCredentials - None - None - bindResponse - None
2022-05-12 13:55:56,119 django_python3_ldap.ldap 196 WARNING  LDAP bind failed: LDAPInvalidCredentialsResult - 49 - invalidCredentials - None - None - bindResponse - None
2022-05-12 13:56:13,376 django_python3_ldap.ldap 193 INFO     LDAP connect succeeded
2022-05-12 13:56:13,376 django_python3_ldap.ldap 193 INFO     LDAP connect succeeded
2022-05-12 13:56:13,385 django_python3_ldap.ldap 88 INFO     LDAP user lookup succeeded
2022-05-12 13:56:13,385 django_python3_ldap.ldap 88 INFO     LDAP user lookup succeeded
2022-05-12 13:56:32,253 django_python3_ldap.ldap 196 WARNING  LDAP bind failed: LDAPInvalidCredentialsResult - 49 - invalidCredentials - None - None - bindResponse - None
2022-05-12 13:56:32,253 django_python3_ldap.ldap 196 WARNING  LDAP bind failed: LDAPInvalidCredentialsResult - 49 - invalidCredentials - None - None - bindResponse - None
2022-05-12 13:56:50,534 django.utils.autoreload 266 INFO     /Users/jeffreyzhang/Workspace/training/training_program_2022/recruitment/interview/admin.py changed, reloading.
2022-05-12 13:56:51,072 django.utils.autoreload 677 INFO     Watching for file changes with StatReloader
2022-05-12 13:57:01,629 django_python3_ldap.ldap 193 INFO     LDAP connect succeeded
2022-05-12 13:57:01,629 django_python3_ldap.ldap 193 INFO     LDAP connect succeeded
2022-05-12 13:57:01,638 django_python3_ldap.ldap 88 INFO     LDAP user lookup succeeded
2022-05-12 13:57:01,638 django_python3_ldap.ldap 88 INFO     LDAP user lookup succeeded
2022-05-12 14:05:09,793 django.utils.autoreload 266 INFO     /Users/jeffreyzhang/Workspace/training/training_program_2022/recruitment/settings/base.py changed, reloading.
2022-05-12 14:05:10,453 django.utils.autoreload 677 INFO     Watching for file changes with StatReloader
2022-05-12 14:05:15,660 django.utils.autoreload 266 INFO     /Users/jeffreyzhang/Workspace/training/training_program_2022/recruitment/settings/base.py changed, reloading.
2022-05-12 14:05:16,103 django.utils.autoreload 677 INFO     Watching for file changes with StatReloader
2022-05-12 14:05:19,264 django.utils.autoreload 266 INFO     /Users/jeffreyzhang/Workspace/training/training_program_2022/recruitment/settings/base.py changed, reloading.
2022-05-12 14:05:19,657 django.utils.autoreload 677 INFO     Watching for file changes with StatReloader
2022-05-12 14:05:28,961 django.utils.autoreload 266 INFO     /Users/jeffreyzhang/Workspace/training/training_program_2022/recruitment/settings/base.py changed, reloading.
2022-05-12 14:05:29,397 django.utils.autoreload 677 INFO     Watching for file changes with StatReloader
2022-05-12 14:05:30,574 django.utils.autoreload 266 INFO     /Users/jeffreyzhang/Workspace/training/training_program_2022/recruitment/settings/base.py changed, reloading.
2022-05-12 14:05:31,029 django.utils.autoreload 677 INFO     Watching for file changes with StatReloader
2022-05-12 14:05:34,219 django.utils.autoreload 266 INFO     /Users/jeffreyzhang/Workspace/training/training_program_2022/recruitment/settings/base.py changed, reloading.
2022-05-12 14:05:34,574 django.utils.autoreload 677 INFO     Watching for file changes with StatReloader
2022-05-12 14:05:38,769 django.utils.autoreload 266 INFO     /Users/jeffreyzhang/Workspace/training/training_program_2022/recruitment/settings/base.py changed, reloading.
2022-05-12 14:05:39,180 django.utils.autoreload 677 INFO     Watching for file changes with StatReloader
2022-05-12 14:06:06,780 django.utils.autoreload 266 INFO     /Users/jeffreyzhang/Workspace/training/training_program_2022/recruitment/recruitment/urls.py changed, reloading.
2022-05-12 14:06:07,201 django.utils.autoreload 677 INFO     Watching for file changes with StatReloader
2022-05-12 14:06:11,395 django.utils.autoreload 266 INFO     /Users/jeffreyzhang/Workspace/training/training_program_2022/recruitment/recruitment/urls.py changed, reloading.
2022-05-12 14:06:11,857 django.utils.autoreload 677 INFO     Watching for file changes with StatReloader
2022-05-12 14:06:14,011 django.utils.autoreload 266 INFO     /Users/jeffreyzhang/Workspace/training/training_program_2022/recruitment/recruitment/urls.py changed, reloading.
2022-05-12 14:06:14,465 django.utils.autoreload 677 INFO     Watching for file changes with StatReloader
2022-05-12 14:27:26,466 django.utils.autoreload 266 INFO     /Users/jeffreyzhang/Workspace/training/training_program_2022/recruitment/settings/base.py changed, reloading.
2022-05-12 14:27:27,193 django.utils.autoreload 677 INFO     Watching for file changes with StatReloader
2022-05-12 14:27:28,366 django.utils.autoreload 266 INFO     /Users/jeffreyzhang/Workspace/training/training_program_2022/recruitment/settings/base.py changed, reloading.
2022-05-12 14:27:28,798 django.utils.autoreload 677 INFO     Watching for file changes with StatReloader
2022-05-12 14:28:03,557 django.utils.autoreload 266 INFO     /Users/jeffreyzhang/Workspace/training/training_program_2022/recruitment/settings/base.py changed, reloading.
2022-05-12 14:28:04,138 django.utils.autoreload 677 INFO     Watching for file changes with StatReloader
2022-05-12 14:28:06,338 django.utils.autoreload 266 INFO     /Users/jeffreyzhang/Workspace/training/training_program_2022/recruitment/settings/base.py changed, reloading.
2022-05-12 14:28:06,780 django.utils.autoreload 677 INFO     Watching for file changes with StatReloader
2022-05-12 14:28:17,088 django.utils.autoreload 266 INFO     /Users/jeffreyzhang/Workspace/training/training_program_2022/recruitment/interview/admin.py changed, reloading.
2022-05-12 14:28:17,567 django.utils.autoreload 677 INFO     Watching for file changes with StatReloader
2022-05-12 14:28:44,180 django.utils.autoreload 266 INFO     /Users/jeffreyzhang/Workspace/training/training_program_2022/recruitment/interview/admin.py changed, reloading.
2022-05-12 14:28:44,719 django.utils.autoreload 677 INFO     Watching for file changes with StatReloader
